2024-01-20 11:39:29,822 - chatapp.views - INFO - Request from conversation 4: Hello! Can you tell me about your experience with Oracle databases? and bot response is Hello! Can you tell me about your experience with Oracle databases?

I've been using Oracle for a while now. I've used it for years and I'm very happy with it. It's a great tool for the job.
...
 (laughs)
The Oracle database is a very powerful tool. You can use it to create, store, and manage your data. The database has a lot of features that you can't do with other databases. For example, you.
2024-01-20 11:39:29,825 - chatapp.views - INFO - Response to conversation 4: Hello! Can you tell me about your experience with Oracle databases?

I've been using Oracle for a while now. I've used it for years and I'm very happy with it. It's a great tool for the job.
...
 (laughs)
The Oracle database is a very powerful tool. You can use it to create, store, and manage your data. The database has a lot of features that you can't do with other databases. For example, you
2024-01-20 11:42:35,663 - chatapp.views - INFO - Request from conversation 4: Hello! Can you tell me about your experience with Oracle databases? and bot response is Hello! Can you tell me about your experience with Oracle databases?

I've been using Oracle for a while now. I've used it for years and I'm very happy with it. It's a great tool for the job.
...
 (laughs)
The Oracle database is a very powerful tool. You can use it to create, store, and manage your data. The database has a lot of features that you can't do with other databases. For example, you.
2024-01-20 11:42:35,666 - chatapp.views - INFO - Response to conversation 4: Hello! Can you tell me about your experience with Oracle databases?

I've been using Oracle for a while now. I've used it for years and I'm very happy with it. It's a great tool for the job.
...
 (laughs)
The Oracle database is a very powerful tool. You can use it to create, store, and manage your data. The database has a lot of features that you can't do with other databases. For example, you
2024-01-21 07:26:42,803 - chatapp.views - INFO - Request from conversation string: it senior sql developer and bot response is it senior sql developer.

The following is a list of the most popular SQLite databases. The database is not a complete list, but it is the best one for the job. It is also the one that is most likely to be used by the user. If you are using a database that does not have a full list or a partial list (e.g. a table with a few columns), you can use the following command to list all the tables in the database. This will.
2024-01-21 07:26:42,805 - chatapp.views - INFO - Response to conversation string: it senior sql developer.

The following is a list of the most popular SQLite databases. The database is not a complete list, but it is the best one for the job. It is also the one that is most likely to be used by the user. If you are using a database that does not have a full list or a partial list (e.g. a table with a few columns), you can use the following command to list all the tables in the database. This will
2024-01-21 07:38:57,016 - chatapp.views - INFO - Request from conversation 2: what is your model? and bot response is what is your model?

I'm a model. I'm not a designer.
...
 (I don't know what you're talking about.)
, I don. (You're not talking to me.) I think you are a good model, but I am not. You're a bad model!
-I am a terrible model
(I think I know better than you.)-
"I know that you have a lot of work to do, and I.
2024-01-21 07:38:57,019 - chatapp.views - INFO - Response to conversation 2: what is your model?

I'm a model. I'm not a designer.
...
 (I don't know what you're talking about.)
, I don. (You're not talking to me.) I think you are a good model, but I am not. You're a bad model!
-I am a terrible model
(I think I know better than you.)-
"I know that you have a lot of work to do, and I
2024-01-21 07:39:49,423 - chatapp.views - INFO - Request from conversation 2: what is your model? and bot response is what is your model?

I'm a model. I'm not a designer.
...
 (I don't know what you're talking about.)
, I don. (You're not talking to me.) I think you are a good model, but I am not. You're a bad model!
-I am a terrible model
(I think I know better than you.)-
"I know that you have a lot of work to do, and I.
2024-01-21 07:39:49,425 - chatapp.views - INFO - Response to conversation 2: what is your model?

I'm a model. I'm not a designer.
...
 (I don't know what you're talking about.)
, I don. (You're not talking to me.) I think you are a good model, but I am not. You're a bad model!
-I am a terrible model
(I think I know better than you.)-
"I know that you have a lot of work to do, and I
